Arguments: 
  /Users/chenwentao/.nvm/versions/node/v14.15.3/bin/node /usr/local/Cellar/yarn/1.17.3/libexec/bin/yarn.js add @hediet/debug-visualizer

PATH: 
  /Users/chenwentao/.nvm/versions/node/v14.15.3/bin:/Library/Frameworks/Python.framework/Versions/3.8/bin:/usr/local/bin:/usr/bin:/bin:/usr/sbin:/sbin:/Applications/VMware Fusion.app/Contents/Public:/usr/local/go/bin:/Library/Apple/usr/bin:/Applications/Wireshark.app/Contents/MacOS:/Library/Frameworks/Python.framework/Versions/3.8/bin:/Library/Java/JavaVirtualMachines/jdk1.8.0_202.jdk/Contents/Home/bin:/Users/chenwentao/apache/apache-maven-3.6.3/bin:/Users/chenwentao/go/bin:/Users/chenwentao/server/flutter/bin:/Library/Java/JavaVirtualMachines/jdk1.8.0_202.jdk/Contents/Home/bin:/Users/chenwentao/apache/apache-maven-3.6.3/bin:/Users/chenwentao/go/bin:/Users/chenwentao/server/flutter/bin

Yarn version: 
  1.17.3

Node version: 
  14.15.3

Platform: 
  darwin x64

Trace: 
  Error: https://registry.npm.taobao.org/@hediet%2fdebug-visualizer: Not found
      at Request.params.callback [as _callback] (/usr/local/Cellar/yarn/1.17.3/libexec/lib/cli.js:66830:18)
      at Request.self.callback (/usr/local/Cellar/yarn/1.17.3/libexec/lib/cli.js:140464:22)
      at Request.emit (events.js:315:20)
      at Request.<anonymous> (/usr/local/Cellar/yarn/1.17.3/libexec/lib/cli.js:141436:10)
      at Request.emit (events.js:315:20)
      at IncomingMessage.<anonymous> (/usr/local/Cellar/yarn/1.17.3/libexec/lib/cli.js:141358:12)
      at Object.onceWrapper (events.js:421:28)
      at IncomingMessage.emit (events.js:327:22)
      at endReadableNT (internal/streams/readable.js:1327:12)
      at processTicksAndRejections (internal/process/task_queues.js:80:21)

npm manifest: 
  {
    "name": "algo",
    "version": "1.0.0",
    "description": "",
    "main": "index.js",
    "scripts": {
      "test": "echo \"Error: no test specified\" && exit 1"
    },
    "repository": {
      "type": "git",
      "url": "git+https://github.com/chenwtao/test.git"
    },
    "author": "",
    "license": "ISC",
    "bugs": {
      "url": "https://github.com/chenwtao/test/issues"
    },
    "homepage": "https://github.com/chenwtao/test#readme",
    "dependencies": {
      "@hediet/debug-visualizer-data-extraction": "^0.13.1",
      "@hediet/node-reload": "^0.7.3",
      "@types/node": "^14.14.25",
      "ts-node": "^9.1.1",
      "typescript": "^4.1.3"
    }
  }

yarn manifest: 
  No manifest

Lockfile: 
  # THIS IS AN AUTOGENERATED FILE. DO NOT EDIT THIS FILE DIRECTLY.
  # yarn lockfile v1
  
  
  "@hediet/debug-visualizer-data-extraction@^0.13.1":
    version "0.13.1"
    resolved "https://registry.npm.taobao.org/@hediet/debug-visualizer-data-extraction/download/@hediet/debug-visualizer-data-extraction-0.13.1.tgz#bf9598412f0933cfd4492c86e3e5e5074c94c2b3"
    integrity sha1-v5WYQS8JM8/USSyG4+XlB0yUwrM=
  
  "@hediet/live-debug@^0.5.1":
    version "0.5.2"
    resolved "https://registry.npm.taobao.org/@hediet/live-debug/download/@hediet/live-debug-0.5.2.tgz#f2ee0034f014836bfd68e26c35a168ab42b15486"
    integrity sha1-8u4ANPAUg2v9aOJsNaFoq0KxVIY=
    dependencies:
      "@hediet/std" "^0.6.0"
      "@hediet/typed-json-rpc" "^0.7.6"
      "@hediet/typed-json-rpc-websocket" "^0.7.7"
      stacktracey "^1.2.112"
      ws "^7.0.0"
  
  "@hediet/node-reload@^0.7.3":
    version "0.7.3"
    resolved "https://registry.npm.taobao.org/@hediet/node-reload/download/@hediet/node-reload-0.7.3.tgz#305d68f54185200b018b14f257037ab8d8ca9857"
    integrity sha1-MF1o9UGFIAsBixTyVwN6uNjKmFc=
    dependencies:
      "@hediet/live-debug" "^0.5.1"
      "@hediet/std" "^0.6.0"
      "@hediet/typed-json-rpc" "^0.7.6"
      "@types/node" "^12.0.7"
      "@types/stack-trace" "^0.0.29"
      chalk "^2.4.2"
      chokidar "^3.0.1"
      stack-trace "^0.0.10"
      ws "^7.0.0"
  
  "@hediet/std@^0.6.0":
    version "0.6.0"
    resolved "https://registry.npm.taobao.org/@hediet/std/download/@hediet/std-0.6.0.tgz#f7d2ffc1180ecef6ff272d0d6780f0c0d9337e4e"
    integrity sha1-99L/wRgOzvb/Jy0NZ4DwwNkzfk4=
    dependencies:
      "@types/chai" "^4.1.7"
      "@types/sinon" "^7.0.10"
      chai "^4.2.0"
      mobx "^5.10.0"
      sinon "^7.2.7"
  
  "@hediet/typed-json-rpc-websocket@^0.7.7":
    version "0.7.7"
    resolved "https://registry.npm.taobao.org/@hediet/typed-json-rpc-websocket/download/@hediet/typed-json-rpc-websocket-0.7.7.tgz#b1555528226e2bf3202d1d0e1870d04b59c14048"
    integrity sha1-sVVVKCJuK/MgLR0OGHDQS1nBQEg=
    dependencies:
      "@hediet/typed-json-rpc" "^0.7.5"
      "@types/ws" "^6.0.1"
      isomorphic-ws "^4.0.1"
  
  "@hediet/typed-json-rpc@^0.7.5", "@hediet/typed-json-rpc@^0.7.6":
    version "0.7.7"
    resolved "https://registry.npm.taobao.org/@hediet/typed-json-rpc/download/@hediet/typed-json-rpc-0.7.7.tgz#bd7e586ad5c0480f7bd6bc40d6ad202e0a80b54d"
    integrity sha1-vX5YatXASA971rxA1q0gLgqAtU0=
    dependencies:
      "@hediet/std" "^0.6.0"
      io-ts "^1.8.6"
  
  "@sinonjs/commons@^1", "@sinonjs/commons@^1.3.0", "@sinonjs/commons@^1.4.0", "@sinonjs/commons@^1.7.0":
    version "1.8.2"
    resolved "https://registry.npm.taobao.org/@sinonjs/commons/download/@sinonjs/commons-1.8.2.tgz?cache=0&sync_timestamp=1610537339534&other_urls=https%3A%2F%2Fregistry.npm.taobao.org%2F%40sinonjs%2Fcommons%2Fdownload%2F%40sinonjs%2Fcommons-1.8.2.tgz#858f5c4b48d80778fde4b9d541f27edc0d56488b"
    integrity sha1-hY9cS0jYB3j95LnVQfJ+3A1WSIs=
    dependencies:
      type-detect "4.0.8"
  
  "@sinonjs/formatio@^3.2.1":
    version "3.2.2"
    resolved "https://registry.npm.taobao.org/@sinonjs/formatio/download/@sinonjs/formatio-3.2.2.tgz#771c60dfa75ea7f2d68e3b94c7e888a78781372c"
    integrity sha1-dxxg36dep/LWjjuUx+iIp4eBNyw=
    dependencies:
      "@sinonjs/commons" "^1"
      "@sinonjs/samsam" "^3.1.0"
  
  "@sinonjs/samsam@^3.1.0", "@sinonjs/samsam@^3.3.3":
    version "3.3.3"
    resolved "https://registry.npm.taobao.org/@sinonjs/samsam/download/@sinonjs/samsam-3.3.3.tgz#46682efd9967b259b81136b9f120fd54585feb4a"
    integrity sha1-Rmgu/Zlnslm4ETa58SD9VFhf60o=
    dependencies:
      "@sinonjs/commons" "^1.3.0"
      array-from "^2.1.1"
      lodash "^4.17.15"
  
  "@sinonjs/text-encoding@^0.7.1":
    version "0.7.1"
    resolved "https://registry.npm.taobao.org/@sinonjs/text-encoding/download/@sinonjs/text-encoding-0.7.1.tgz#8da5c6530915653f3a1f38fd5f101d8c3f8079c5"
    integrity sha1-jaXGUwkVZT86Hzj9XxAdjD+AecU=
  
  "@types/chai@^4.1.7":
    version "4.2.14"
    resolved "http://52.80.11.24:4000/@types%2fchai/-/chai-4.2.14.tgz#44d2dd0b5de6185089375d976b4ec5caf6861193"
    integrity sha1-RNLdC13mGFCJN12Xa07FyvaGEZM=
  
  "@types/node@*", "@types/node@^14.14.25":
    version "14.14.25"
    resolved "http://52.80.11.24:4000/@types%2fnode/-/node-14.14.25.tgz#15967a7b577ff81383f9b888aa6705d43fbbae93"
    integrity sha1-FZZ6e1d/+BOD+biIqmcF1D+7rpM=
  
  "@types/node@^12.0.7":
    version "12.19.16"
    resolved "http://52.80.11.24:4000/@types%2fnode/-/node-12.19.16.tgz#15753af35cbef636182d8d8ca55b37c8583cecb3"
    integrity sha1-FXU681y+9jYYLY2MpVs3yFg87LM=
  
  "@types/sinon@^7.0.10":
    version "7.5.2"
    resolved "http://52.80.11.24:4000/@types%2fsinon/-/sinon-7.5.2.tgz#5e2f1d120f07b9cda07e5dedd4f3bf8888fccdb9"
    integrity sha1-Xi8dEg8Huc2gfl3t1PO/iIj8zbk=
  
  "@types/stack-trace@^0.0.29":
    version "0.0.29"
    resolved "http://52.80.11.24:4000/@types%2fstack-trace/-/stack-trace-0.0.29.tgz#eb7a7c60098edb35630ed900742a5ecb20cfcb4d"
    integrity sha1-63p8YAmO2zVjDtkAdCpeyyDPy00=
  
  "@types/ws@^6.0.1":
    version "6.0.4"
    resolved "http://52.80.11.24:4000/@types%2fws/-/ws-6.0.4.tgz#7797707c8acce8f76d8c34b370d4645b70421ff1"
    integrity sha1-d5dwfIrM6PdtjDSzcNRkW3BCH/E=
    dependencies:
      "@types/node" "*"
  
  ansi-styles@^3.2.1:
    version "3.2.1"
    resolved "https://registry.npm.taobao.org/ansi-styles/download/ansi-styles-3.2.1.tgz?cache=0&sync_timestamp=1611327117754&other_urls=https%3A%2F%2Fregistry.npm.taobao.org%2Fansi-styles%2Fdownload%2Fansi-styles-3.2.1.tgz#41fbb20243e50b12be0f04b8dedbf07520ce841d"
    integrity sha1-QfuyAkPlCxK+DwS43tvwdSDOhB0=
    dependencies:
      color-convert "^1.9.0"
  
  anymatch@~3.1.1:
    version "3.1.1"
    resolved "https://registry.npm.taobao.org/anymatch/download/anymatch-3.1.1.tgz#c55ecf02185e2469259399310c173ce31233b142"
    integrity sha1-xV7PAhheJGklk5kxDBc84xIzsUI=
    dependencies:
      normalize-path "^3.0.0"
      picomatch "^2.0.4"
  
  arg@^4.1.0:
    version "4.1.3"
    resolved "https://registry.npm.taobao.org/arg/download/arg-4.1.3.tgz#269fc7ad5b8e42cb63c896d5666017261c144089"
    integrity sha1-Jp/HrVuOQstjyJbVZmAXJhwUQIk=
  
  array-from@^2.1.1:
    version "2.1.1"
    resolved "https://registry.npm.taobao.org/array-from/download/array-from-2.1.1.tgz#cfe9d8c26628b9dc5aecc62a9f5d8f1f352c1195"
    integrity sha1-z+nYwmYoudxa7MYqn12PHzUsEZU=
  
  as-table@^1.0.36:
    version "1.0.55"
    resolved "https://registry.npm.taobao.org/as-table/download/as-table-1.0.55.tgz#dc984da3937745de902cea1d45843c01bdbbec4f"
    integrity sha1-3JhNo5N3Rd6QLOodRYQ8Ab277E8=
    dependencies:
      printable-characters "^1.0.42"
  
  assertion-error@^1.1.0:
    version "1.1.0"
    resolved "https://registry.npm.taobao.org/assertion-error/download/assertion-error-1.1.0.tgz#e60b6b0e8f301bd97e5375215bda406c85118c0b"
    integrity sha1-5gtrDo8wG9l+U3UhW9pAbIURjAs=
  
  binary-extensions@^2.0.0:
    version "2.2.0"
    resolved "https://registry.npm.taobao.org/binary-extensions/download/binary-extensions-2.2.0.tgz?cache=0&sync_timestamp=1610299293319&other_urls=https%3A%2F%2Fregistry.npm.taobao.org%2Fbinary-extensions%2Fdownload%2Fbinary-extensions-2.2.0.tgz#75f502eeaf9ffde42fc98829645be4ea76bd9e2d"
    integrity sha1-dfUC7q+f/eQvyYgpZFvk6na9ni0=
  
  braces@~3.0.2:
    version "3.0.2"
    resolved "https://registry.npm.taobao.org/braces/download/braces-3.0.2.tgz#3454e1a462ee8d599e236df336cd9ea4f8afe107"
    integrity sha1-NFThpGLujVmeI23zNs2epPiv4Qc=
    dependencies:
      fill-range "^7.0.1"
  
  buffer-from@^1.0.0:
    version "1.1.1"
    resolved "https://registry.npm.taobao.org/buffer-from/download/buffer-from-1.1.1.tgz#32713bc028f75c02fdb710d7c7bcec1f2c6070ef"
    integrity sha1-MnE7wCj3XAL9txDXx7zsHyxgcO8=
  
  chai@^4.2.0:
    version "4.3.0"
    resolved "https://registry.npm.taobao.org/chai/download/chai-4.3.0.tgz?cache=0&sync_timestamp=1612437544150&other_urls=https%3A%2F%2Fregistry.npm.taobao.org%2Fchai%2Fdownload%2Fchai-4.3.0.tgz#5523a5faf7f819c8a92480d70a8cccbadacfc25f"
    integrity sha1-VSOl+vf4GcipJIDXCozMutrPwl8=
    dependencies:
      assertion-error "^1.1.0"
      check-error "^1.0.2"
      deep-eql "^3.0.1"
      get-func-name "^2.0.0"
      pathval "^1.1.0"
      type-detect "^4.0.5"
  
  chalk@^2.4.2:
    version "2.4.2"
    resolved "https://registry.npm.taobao.org/chalk/download/chalk-2.4.2.tgz#cd42541677a54333cf541a49108c1432b44c9424"
    integrity sha1-zUJUFnelQzPPVBpJEIwUMrRMlCQ=
    dependencies:
      ansi-styles "^3.2.1"
      escape-string-regexp "^1.0.5"
      supports-color "^5.3.0"
  
  check-error@^1.0.2:
    version "1.0.2"
    resolved "https://registry.npm.taobao.org/check-error/download/check-error-1.0.2.tgz#574d312edd88bb5dd8912e9286dd6c0aed4aac82"
    integrity sha1-V00xLt2Iu13YkS6Sht1sCu1KrII=
  
  chokidar@^3.0.1:
    version "3.5.1"
    resolved "https://registry.npm.taobao.org/chokidar/download/chokidar-3.5.1.tgz?cache=0&sync_timestamp=1610719440699&other_urls=https%3A%2F%2Fregistry.npm.taobao.org%2Fchokidar%2Fdownload%2Fchokidar-3.5.1.tgz#ee9ce7bbebd2b79f49f304799d5468e31e14e68a"
    integrity sha1-7pznu+vSt59J8wR5nVRo4x4U5oo=
    dependencies:
      anymatch "~3.1.1"
      braces "~3.0.2"
      glob-parent "~5.1.0"
      is-binary-path "~2.1.0"
      is-glob "~4.0.1"
      normalize-path "~3.0.0"
      readdirp "~3.5.0"
    optionalDependencies:
      fsevents "~2.3.1"
  
  color-convert@^1.9.0:
    version "1.9.3"
    resolved "https://registry.npm.taobao.org/color-convert/download/color-convert-1.9.3.tgz#bb71850690e1f136567de629d2d5471deda4c1e8"
    integrity sha1-u3GFBpDh8TZWfeYp0tVHHe2kweg=
    dependencies:
      color-name "1.1.3"
  
  color-name@1.1.3:
    version "1.1.3"
    resolved "https://registry.npm.taobao.org/color-name/download/color-name-1.1.3.tgz#a7d0558bd89c42f795dd42328f740831ca53bc25"
    integrity sha1-p9BVi9icQveV3UIyj3QIMcpTvCU=
  
  create-require@^1.1.0:
    version "1.1.1"
    resolved "https://registry.npm.taobao.org/create-require/download/create-require-1.1.1.tgz#c1d7e8f1e5f6cfc9ff65f9cd352d37348756c333"
    integrity sha1-wdfo8eX2z8n/ZfnNNS03NIdWwzM=
  
  data-uri-to-buffer@^2.0.0:
    version "2.0.2"
    resolved "https://registry.npm.taobao.org/data-uri-to-buffer/download/data-uri-to-buffer-2.0.2.tgz#d296973d5a4897a5dbe31716d118211921f04770"
    integrity sha1-0paXPVpIl6Xb4xcW0RghGSHwR3A=
  
  deep-eql@^3.0.1:
    version "3.0.1"
    resolved "https://registry.npm.taobao.org/deep-eql/download/deep-eql-3.0.1.tgz#dfc9404400ad1c8fe023e7da1df1c147c4b444df"
    integrity sha1-38lARACtHI/gI+faHfHBR8S0RN8=
    dependencies:
      type-detect "^4.0.0"
  
  diff@^3.5.0:
    version "3.5.0"
    resolved "https://registry.npm.taobao.org/diff/download/diff-3.5.0.tgz#800c0dd1e0a8bfbc95835c202ad220fe317e5a12"
    integrity sha1-gAwN0eCov7yVg1wgKtIg/jF+WhI=
  
  diff@^4.0.1:
    version "4.0.2"
    resolved "https://registry.npm.taobao.org/diff/download/diff-4.0.2.tgz#60f3aecb89d5fae520c11aa19efc2bb982aade7d"
    integrity sha1-YPOuy4nV+uUgwRqhnvwruYKq3n0=
  
  escape-string-regexp@^1.0.5:
    version "1.0.5"
    resolved "https://registry.npm.taobao.org/escape-string-regexp/download/escape-string-regexp-1.0.5.tgz#1b61c0562190a8dff6ae3bb2cf0200ca130b86d4"
    integrity sha1-G2HAViGQqN/2rjuyzwIAyhMLhtQ=
  
  fill-range@^7.0.1:
    version "7.0.1"
    resolved "https://registry.npm.taobao.org/fill-range/download/fill-range-7.0.1.tgz#1919a6a7c75fe38b2c7c77e5198535da9acdda40"
    integrity sha1-GRmmp8df44ssfHflGYU12prN2kA=
    dependencies:
      to-regex-range "^5.0.1"
  
  fp-ts@^1.0.0:
    version "1.19.5"
    resolved "https://registry.npm.taobao.org/fp-ts/download/fp-ts-1.19.5.tgz#3da865e585dfa1fdfd51785417357ac50afc520a"
    integrity sha1-Pahl5YXfof39UXhUFzV6xQr8Ugo=
  
  fsevents@~2.3.1:
    version "2.3.2"
    resolved "https://registry.npm.taobao.org/fsevents/download/fsevents-2.3.2.tgz?cache=0&sync_timestamp=1612537044236&other_urls=https%3A%2F%2Fregistry.npm.taobao.org%2Ffsevents%2Fdownload%2Ffsevents-2.3.2.tgz#8a526f78b8fdf4623b709e0b975c52c24c02fd1a"
    integrity sha1-ilJveLj99GI7cJ4Ll1xSwkwC/Ro=
  
  get-func-name@^2.0.0:
    version "2.0.0"
    resolved "https://registry.npm.taobao.org/get-func-name/download/get-func-name-2.0.0.tgz#ead774abee72e20409433a066366023dd6887a41"
    integrity sha1-6td0q+5y4gQJQzoGY2YCPdaIekE=
  
  get-source@^1.0.42:
    version "1.0.42"
    resolved "https://registry.npm.taobao.org/get-source/download/get-source-1.0.42.tgz#e46d88c56d9439242906857760d941965e23682b"
    integrity sha1-5G2IxW2UOSQpBoV3YNlBll4jaCs=
    dependencies:
      data-uri-to-buffer "^2.0.0"
      source-map "^0.6.1"
  
  glob-parent@~5.1.0:
    version "5.1.1"
    resolved "https://registry.npm.taobao.org/glob-parent/download/glob-parent-5.1.1.tgz#b6c1ef417c4e5663ea498f1c45afac6916bbc229"
    integrity sha1-tsHvQXxOVmPqSY8cRa+saRa7wik=
    dependencies:
      is-glob "^4.0.1"
  
  has-flag@^3.0.0:
    version "3.0.0"
    resolved "https://registry.npm.taobao.org/has-flag/download/has-flag-3.0.0.tgz#b5d454dc2199ae225699f3467e5a07f3b955bafd"
    integrity sha1-tdRU3CGZriJWmfNGfloH87lVuv0=
  
  io-ts@^1.8.6:
    version "1.10.4"
    resolved "https://registry.npm.taobao.org/io-ts/download/io-ts-1.10.4.tgz#cd5401b138de88e4f920adbcb7026e2d1967e6e2"
    integrity sha1-zVQBsTjeiOT5IK28twJuLRln5uI=
    dependencies:
      fp-ts "^1.0.0"
  
  is-binary-path@~2.1.0:
    version "2.1.0"
    resolved "https://registry.npm.taobao.org/is-binary-path/download/is-binary-path-2.1.0.tgz#ea1f7f3b80f064236e83470f86c09c254fb45b09"
    integrity sha1-6h9/O4DwZCNug0cPhsCcJU+0Wwk=
    dependencies:
      binary-extensions "^2.0.0"
  
  is-extglob@^2.1.1:
    version "2.1.1"
    resolved "https://registry.npm.taobao.org/is-extglob/download/is-extglob-2.1.1.tgz#a88c02535791f02ed37c76a1b9ea9773c833f8c2"
    integrity sha1-qIwCU1eR8C7TfHahueqXc8gz+MI=
  
  is-glob@^4.0.1, is-glob@~4.0.1:
    version "4.0.1"
    resolved "https://registry.npm.taobao.org/is-glob/download/is-glob-4.0.1.tgz#7567dbe9f2f5e2467bc77ab83c4a29482407a5dc"
    integrity sha1-dWfb6fL14kZ7x3q4PEopSCQHpdw=
    dependencies:
      is-extglob "^2.1.1"
  
  is-number@^7.0.0:
    version "7.0.0"
    resolved "https://registry.npm.taobao.org/is-number/download/is-number-7.0.0.tgz#7535345b896734d5f80c4d06c50955527a14f12b"
    integrity sha1-dTU0W4lnNNX4DE0GxQlVUnoU8Ss=
  
  isarray@0.0.1:
    version "0.0.1"
    resolved "https://registry.npm.taobao.org/isarray/download/isarray-0.0.1.tgz#8a18acfca9a8f4177e09abfc6038939b05d1eedf"
    integrity sha1-ihis/Kmo9Bd+Cav8YDiTmwXR7t8=
  
  isomorphic-ws@^4.0.1:
    version "4.0.1"
    resolved "https://registry.npm.taobao.org/isomorphic-ws/download/isomorphic-ws-4.0.1.tgz#55fd4cd6c5e6491e76dc125938dd863f5cd4f2dc"
    integrity sha1-Vf1M1sXmSR523BJZON2GP1zU8tw=
  
  just-extend@^4.0.2:
    version "4.1.1"
    resolved "https://registry.npm.taobao.org/just-extend/download/just-extend-4.1.1.tgz#158f1fdb01f128c411dc8b286a7b4837b3545282"
    integrity sha1-FY8f2wHxKMQR3IsoantIN7NUUoI=
  
  lodash@^4.17.15:
    version "4.17.20"
    resolved "https://registry.npm.taobao.org/lodash/download/lodash-4.17.20.tgz#b44a9b6297bcb698f1c51a3545a2b3b368d59c52"
    integrity sha1-tEqbYpe8tpjxxRo1RaKzs2jVnFI=
  
  lolex@^4.2.0:
    version "4.2.0"
    resolved "https://registry.npm.taobao.org/lolex/download/lolex-4.2.0.tgz#ddbd7f6213ca1ea5826901ab1222b65d714b3cd7"
    integrity sha1-3b1/YhPKHqWCaQGrEiK2XXFLPNc=
  
  lolex@^5.0.1:
    version "5.1.2"
    resolved "https://registry.npm.taobao.org/lolex/download/lolex-5.1.2.tgz#953694d098ce7c07bc5ed6d0e42bc6c0c6d5a367"
    integrity sha1-lTaU0JjOfAe8XtbQ5CvGwMbVo2c=
    dependencies:
      "@sinonjs/commons" "^1.7.0"
  
  make-error@^1.1.1:
    version "1.3.6"
    resolved "https://registry.npm.taobao.org/make-error/download/make-error-1.3.6.tgz#2eb2e37ea9b67c4891f684a1394799af484cf7a2"
    integrity sha1-LrLjfqm2fEiR9oShOUeZr0hM96I=
  
  mobx@^5.10.0:
    version "5.15.7"
    resolved "https://registry.npm.taobao.org/mobx/download/mobx-5.15.7.tgz#b9a5f2b6251f5d96980d13c78e9b5d8d4ce22665"
    integrity sha1-uaXytiUfXZaYDRPHjptdjUziJmU=
  
  nise@^1.5.2:
    version "1.5.3"
    resolved "https://registry.npm.taobao.org/nise/download/nise-1.5.3.tgz#9d2cfe37d44f57317766c6e9408a359c5d3ac1f7"
    integrity sha1-nSz+N9RPVzF3ZsbpQIo1nF06wfc=
    dependencies:
      "@sinonjs/formatio" "^3.2.1"
      "@sinonjs/text-encoding" "^0.7.1"
      just-extend "^4.0.2"
      lolex "^5.0.1"
      path-to-regexp "^1.7.0"
  
  normalize-path@^3.0.0, normalize-path@~3.0.0:
    version "3.0.0"
    resolved "https://registry.npm.taobao.org/normalize-path/download/normalize-path-3.0.0.tgz#0dcd69ff23a1c9b11fd0978316644a0388216a65"
    integrity sha1-Dc1p/yOhybEf0JeDFmRKA4ghamU=
  
  path-to-regexp@^1.7.0:
    version "1.8.0"
    resolved "https://registry.npm.taobao.org/path-to-regexp/download/path-to-regexp-1.8.0.tgz?cache=0&sync_timestamp=1601400247487&other_urls=https%3A%2F%2Fregistry.npm.taobao.org%2Fpath-to-regexp%2Fdownload%2Fpath-to-regexp-1.8.0.tgz#887b3ba9d84393e87a0a0b9f4cb756198b53548a"
    integrity sha1-iHs7qdhDk+h6CgufTLdWGYtTVIo=
    dependencies:
      isarray "0.0.1"
  
  pathval@^1.1.0:
    version "1.1.1"
    resolved "https://registry.npm.taobao.org/pathval/download/pathval-1.1.1.tgz?cache=0&sync_timestamp=1611662022925&other_urls=https%3A%2F%2Fregistry.npm.taobao.org%2Fpathval%2Fdownload%2Fpathval-1.1.1.tgz#8534e77a77ce7ac5a2512ea21e0fdb8fcf6c3d8d"
    integrity sha1-hTTnenfOesWiUS6iHg/bj89sPY0=
  
  picomatch@^2.0.4, picomatch@^2.2.1:
    version "2.2.2"
    resolved "https://registry.npm.taobao.org/picomatch/download/picomatch-2.2.2.tgz#21f333e9b6b8eaff02468f5146ea406d345f4dad"
    integrity sha1-IfMz6ba46v8CRo9RRupAbTRfTa0=
  
  printable-characters@^1.0.42:
    version "1.0.42"
    resolved "https://registry.npm.taobao.org/printable-characters/download/printable-characters-1.0.42.tgz#3f18e977a9bd8eb37fcc4ff5659d7be90868b3d8"
    integrity sha1-Pxjpd6m9jrN/zE/1ZZ176Qhos9g=
  
  readdirp@~3.5.0:
    version "3.5.0"
    resolved "https://registry.npm.taobao.org/readdirp/download/readdirp-3.5.0.tgz#9ba74c019b15d365278d2e91bb8c48d7b4d42c9e"
    integrity sha1-m6dMAZsV02UnjS6Ru4xI17TULJ4=
    dependencies:
      picomatch "^2.2.1"
  
  sinon@^7.2.7:
    version "7.5.0"
    resolved "https://registry.npm.taobao.org/sinon/download/sinon-7.5.0.tgz?cache=0&sync_timestamp=1611397318385&other_urls=https%3A%2F%2Fregistry.npm.taobao.org%2Fsinon%2Fdownload%2Fsinon-7.5.0.tgz#e9488ea466070ea908fd44a3d6478fd4923c67ec"
    integrity sha1-6UiOpGYHDqkI/USj1keP1JI8Z+w=
    dependencies:
      "@sinonjs/commons" "^1.4.0"
      "@sinonjs/formatio" "^3.2.1"
      "@sinonjs/samsam" "^3.3.3"
      diff "^3.5.0"
      lolex "^4.2.0"
      nise "^1.5.2"
      supports-color "^5.5.0"
  
  source-map-support@^0.5.17:
    version "0.5.19"
    resolved "https://registry.npm.taobao.org/source-map-support/download/source-map-support-0.5.19.tgz#a98b62f86dcaf4f67399648c085291ab9e8fed61"
    integrity sha1-qYti+G3K9PZzmWSMCFKRq56P7WE=
    dependencies:
      buffer-from "^1.0.0"
      source-map "^0.6.0"
  
  source-map@^0.6.0, source-map@^0.6.1:
    version "0.6.1"
    resolved "https://registry.npm.taobao.org/source-map/download/source-map-0.6.1.tgz#74722af32e9614e9c287a8d0bbde48b5e2f1a263"
    integrity sha1-dHIq8y6WFOnCh6jQu95IteLxomM=
  
  stack-trace@^0.0.10:
    version "0.0.10"
    resolved "https://registry.npm.taobao.org/stack-trace/download/stack-trace-0.0.10.tgz#547c70b347e8d32b4e108ea1a2a159e5fdde19c0"
    integrity sha1-VHxws0fo0ytOEI6hoqFZ5f3eGcA=
  
  stacktracey@^1.2.112:
    version "1.2.127"
    resolved "https://registry.npm.taobao.org/stacktracey/download/stacktracey-1.2.127.tgz#7084fc5a8028908d1ef77af0463b522a6eb17846"
    integrity sha1-cIT8WoAokI0e93rwRjtSKm6xeEY=
    dependencies:
      as-table "^1.0.36"
      get-source "^1.0.42"
  
  supports-color@^5.3.0, supports-color@^5.5.0:
    version "5.5.0"
    resolved "https://registry.npm.taobao.org/supports-color/download/supports-color-5.5.0.tgz?cache=0&sync_timestamp=1611394043517&other_urls=https%3A%2F%2Fregistry.npm.taobao.org%2Fsupports-color%2Fdownload%2Fsupports-color-5.5.0.tgz#e2e69a44ac8772f78a1ec0b35b689df6530efc8f"
    integrity sha1-4uaaRKyHcveKHsCzW2id9lMO/I8=
    dependencies:
      has-flag "^3.0.0"
  
  to-regex-range@^5.0.1:
    version "5.0.1"
    resolved "https://registry.npm.taobao.org/to-regex-range/download/to-regex-range-5.0.1.tgz#1648c44aae7c8d988a326018ed72f5b4dd0392e4"
    integrity sha1-FkjESq58jZiKMmAY7XL1tN0DkuQ=
    dependencies:
      is-number "^7.0.0"
  
  ts-node@^9.1.1:
    version "9.1.1"
    resolved "https://registry.npm.taobao.org/ts-node/download/ts-node-9.1.1.tgz?cache=0&sync_timestamp=1607350875996&other_urls=https%3A%2F%2Fregistry.npm.taobao.org%2Fts-node%2Fdownload%2Fts-node-9.1.1.tgz#51a9a450a3e959401bda5f004a72d54b936d376d"
    integrity sha1-UamkUKPpWUAb2l8ASnLVS5NtN20=
    dependencies:
      arg "^4.1.0"
      create-require "^1.1.0"
      diff "^4.0.1"
      make-error "^1.1.1"
      source-map-support "^0.5.17"
      yn "3.1.1"
  
  type-detect@4.0.8, type-detect@^4.0.0, type-detect@^4.0.5:
    version "4.0.8"
    resolved "https://registry.npm.taobao.org/type-detect/download/type-detect-4.0.8.tgz#7646fb5f18871cfbb7749e69bd39a6388eb7450c"
    integrity sha1-dkb7XxiHHPu3dJ5pvTmmOI63RQw=
  
  typescript@^4.1.3:
    version "4.1.3"
    resolved "https://registry.npm.taobao.org/typescript/download/typescript-4.1.3.tgz#519d582bd94cba0cf8934c7d8e8467e473f53bb7"
    integrity sha1-UZ1YK9lMugz4k0x9joRn5HP1O7c=
  
  ws@^7.0.0:
    version "7.4.3"
    resolved "https://registry.npm.taobao.org/ws/download/ws-7.4.3.tgz#1f9643de34a543b8edb124bdcbc457ae55a6e5cd"
    integrity sha1-H5ZD3jSlQ7jtsSS9y8RXrlWm5c0=
  
  yn@3.1.1:
    version "3.1.1"
    resolved "https://registry.npm.taobao.org/yn/download/yn-3.1.1.tgz#1e87401a09d767c1d5eab26a6e4c185182d2eb50"
    integrity sha1-HodAGgnXZ8HV6rJqbkwYUYLS61A=
